<?xml version="1.0" encoding="UTF-8" ?>
<testsuite errors="0" failures="0" hostname="erode-Laptop" name="businessmap.models.SocialMediaTest" skipped="0" tests="9" time="0.337" timestamp="2017-07-27T14:01:19">
  <properties>
[...]
</properties>
  <testcase classname="businessmap.models.SocialMediaTest" name="deleteEntry" time="0.066" />
  <testcase classname="businessmap.models.SocialMediaTest" name="isSaved" time="0.014" />
  <testcase classname="businessmap.models.SocialMediaTest" name="testGetAddress" time="0.125" />
  <testcase classname="businessmap.models.SocialMediaTest" name="testGetId" time="0.0" />
  <testcase classname="businessmap.models.SocialMediaTest" name="testGetName" time="0.0" />
  <testcase classname="businessmap.models.SocialMediaTest" name="testSave" time="0.009" />
  <testcase classname="businessmap.models.SocialMediaTest" name="testSetAddress" time="0.084" />
  <testcase classname="businessmap.models.SocialMediaTest" name="testSetId" time="0.0" />
  <testcase classname="businessmap.models.SocialMediaTest" name="testSetName" time="0.0" />
  <system-out><![CDATA[name saved
name saved
]]></system-out>
  <system-err><![CDATA[]]></system-err>
</testsuite>
